Flow report for keyscan
Mon Apr 25 20:45:22 2022
Quartus II 64-Bit Version 13.1.0 Build 162 10/23/2013 SJ Web Edition


---------------------
; Table of Contents ;
---------------------
  1. Legal Notice
  2. Flow Summary
  3. Flow Settings
  4. Flow Non-Default Global Settings
  5. Flow Elapsed Time
  6. Flow OS Summary
  7. Flow Log
  8. Flow Messages
  9. Flow Suppressed Messages



----------------
; Legal Notice ;
----------------
Copyright (C) 1991-2013 Altera Corporation
Your use of Altera Corporation's design tools, logic functions 
and other software and tools, and its AMPP partner logic 
functions, and any output files from any of the foregoing 
(including device programming or simulation files), and any 
associated documentation or information are expressly subject 
to the terms and conditions of the Altera Program License 
Subscription Agreement, Altera MegaCore Function License 
Agreement, or other applicable license agreement, including, 
without limitation, that your use is for the sole purpose of 
programming logic devices manufactured by Altera and sold by 
Altera or its authorized distributors.  Please refer to the 
applicable agreement for further details.



+---------------------------------------------------------------------------------+
; Flow Summary                                                                    ;
+------------------------------------+--------------------------------------------+
; Flow Status                        ; Successful - Mon Apr 25 20:45:22 2022      ;
; Quartus II 64-Bit Version          ; 13.1.0 Build 162 10/23/2013 SJ Web Edition ;
; Revision Name                      ; keyscan                                    ;
; Top-level Entity Name              ; keyscan                                    ;
; Family                             ; Cyclone III                                ;
; Device                             ; EP3C16Q240C8                               ;
; Timing Models                      ; Final                                      ;
; Total logic elements               ; 48 / 15,408 ( < 1 % )                      ;
;     Total combinational functions  ; 47 / 15,408 ( < 1 % )                      ;
;     Dedicated logic registers      ; 26 / 15,408 ( < 1 % )                      ;
; Total registers                    ; 26                                         ;
; Total pins                         ; 14 / 161 ( 9 % )                           ;
; Total virtual pins                 ; 0                                          ;
; Total memory bits                  ; 0 / 516,096 ( 0 % )                        ;
; Embedded Multiplier 9-bit elements ; 0 / 112 ( 0 % )                            ;
; Total PLLs                         ; 0 / 4 ( 0 % )                              ;
+------------------------------------+--------------------------------------------+


+-----------------------------------------+
; Flow Settings                           ;
+-------------------+---------------------+
; Option            ; Setting             ;
+-------------------+---------------------+
; Start date & time ; 04/25/2022 20:45:03 ;
; Main task         ; Compilation         ;
; Revision Name     ; keyscan             ;
+-------------------+---------------------+


+-------------------------------------------------------------------------------------------------------------------------------------------------+
; Flow Non-Default Global Settings                                                                                                                ;
+--------------------------------------+-----------------------------------------------------------+---------------+-------------+----------------+
; Assignment Name                      ; Value                                                     ; Default Value ; Entity Name ; Section Id     ;
+--------------------------------------+-----------------------------------------------------------+---------------+-------------+----------------+
; COMPILER_SIGNATURE_ID                ; 18431778495063.165090870308740                            ; --            ; --          ; --             ;
; EDA_DESIGN_INSTANCE_NAME             ; NA                                                        ; --            ; --          ; --             ;
; EDA_NATIVELINK_SIMULATION_TEST_BENCH ; keyscan                                                   ; --            ; --          ; eda_simulation ;
; EDA_OUTPUT_DATA_FORMAT               ; Verilog Hdl                                               ; --            ; --          ; eda_simulation ;
; EDA_SIMULATION_TOOL                  ; ModelSim-Altera (Verilog)                                 ; <None>        ; --          ; --             ;
; EDA_TEST_BENCH_ENABLE_STATUS         ; TEST_BENCH_MODE                                           ; --            ; --          ; eda_simulation ;
; EDA_TEST_BENCH_FILE                  ; simulation/modelsim/keyscan.vt                            ; --            ; --          ; --             ;
; EDA_TEST_BENCH_MODULE_NAME           ; keyscan_vlg_tst                                           ; --            ; --          ; --             ;
; EDA_TEST_BENCH_NAME                  ; keyscan                                                   ; --            ; --          ; eda_simulation ;
; EDA_TIME_SCALE                       ; 10 ns                                                     ; --            ; --          ; eda_simulation ;
; MAX_CORE_JUNCTION_TEMP               ; 85                                                        ; --            ; --          ; --             ;
; MIN_CORE_JUNCTION_TEMP               ; 0                                                         ; --            ; --          ; --             ;
; MISC_FILE                            ; E:/fpga_project/keyscan.dpf                               ; --            ; --          ; --             ;
; MISC_FILE                            ; D:/fpga_files/Verilog/key led/fpga_project/keyscan.dpf    ; --            ; --          ; --             ;
; MISC_FILE                            ; D:/fpga_files/Verilog/matrix keyscan/keyscan.dpf          ; --            ; --          ; --             ;
; MISC_FILE                            ; D:/fpga_project/EP3C40/verilog/matrix keyscan/keyscan.dpf ; --            ; --          ; --             ;
; MISC_FILE                            ; E:/Program/EP2C8Q/verilog/4x4 Keypad/keyscan.dpf          ; --            ; --          ; --             ;
; PARTITION_COLOR                      ; 16764057                                                  ; --            ; --          ; Top            ;
; PARTITION_FITTER_PRESERVATION_LEVEL  ; PLACEMENT_AND_ROUTING                                     ; --            ; --          ; Top            ;
; PARTITION_NETLIST_TYPE               ; SOURCE                                                    ; --            ; --          ; Top            ;
; POWER_BOARD_THERMAL_MODEL            ; None (CONSERVATIVE)                                       ; --            ; --          ; --             ;
; POWER_PRESET_COOLING_SOLUTION        ; 23 MM HEAT SINK WITH 200 LFPM AIRFLOW                     ; --            ; --          ; --             ;
+--------------------------------------+-----------------------------------------------------------+---------------+-------------+----------------+


+-------------------------------------------------------------------------------------------------------------------------------+
; Flow Elapsed Time                                                                                                             ;
+---------------------------+--------------+-------------------------+---------------------+------------------------------------+
; Module Name               ; Elapsed Time ; Average Processors Used ; Peak Virtual Memory ; Total CPU Time (on all processors) ;
+---------------------------+--------------+-------------------------+---------------------+------------------------------------+
; Analysis & Synthesis      ; 00:00:01     ; 1.0                     ; 4606 MB             ; 00:00:02                           ;
; Fitter                    ; 00:00:07     ; 1.0                     ; 4948 MB             ; 00:00:07                           ;
; Assembler                 ; 00:00:01     ; 1.0                     ; 4577 MB             ; 00:00:01                           ;
; TimeQuest Timing Analyzer ; 00:00:02     ; 1.0                     ; 4618 MB             ; 00:00:02                           ;
; EDA Netlist Writer        ; 00:00:01     ; 1.0                     ; 4526 MB             ; 00:00:01                           ;
; Total                     ; 00:00:12     ; --                      ; --                  ; 00:00:13                           ;
+---------------------------+--------------+-------------------------+---------------------+------------------------------------+


+----------------------------------------------------------------------------------------+
; Flow OS Summary                                                                        ;
+---------------------------+------------------+-----------+------------+----------------+
; Module Name               ; Machine Hostname ; OS Name   ; OS Version ; Processor type ;
+---------------------------+------------------+-----------+------------+----------------+
; Analysis & Synthesis      ; DESKTOP-IMHM4PE  ; Windows 7 ; 6.2        ; x86_64         ;
; Fitter                    ; DESKTOP-IMHM4PE  ; Windows 7 ; 6.2        ; x86_64         ;
; Assembler                 ; DESKTOP-IMHM4PE  ; Windows 7 ; 6.2        ; x86_64         ;
; TimeQuest Timing Analyzer ; DESKTOP-IMHM4PE  ; Windows 7 ; 6.2        ; x86_64         ;
; EDA Netlist Writer        ; DESKTOP-IMHM4PE  ; Windows 7 ; 6.2        ; x86_64         ;
+---------------------------+------------------+-----------+------------+----------------+


------------
; Flow Log ;
------------
quartus_map --read_settings_files=on --write_settings_files=off keyscan -c keyscan
quartus_fit --read_settings_files=off --write_settings_files=off keyscan -c keyscan
quartus_asm --read_settings_files=off --write_settings_files=off keyscan -c keyscan
quartus_sta keyscan -c keyscan
quartus_eda --read_settings_files=off --write_settings_files=off keyscan -c keyscan



