Flow report for KeyBoard
Mon Apr 01 16:32:57 2013
Quartus II Version 11.0 Build 157 04/27/2011 SJ Full Version


---------------------
; Table of Contents ;
---------------------
  1. Legal Notice
  2. Flow Summary
  3. Flow Settings
  4. Flow Non-Default Global Settings
  5. Flow Elapsed Time
  6. Flow OS Summary
  7. Flow Log



----------------
; Legal Notice ;
----------------
Copyright (C) 1991-2011 Altera Corporation
Your use of Altera Corporation's design tools, logic functions 
and other software and tools, and its AMPP partner logic 
functions, and any output files from any of the foregoing 
(including device programming or simulation files), and any 
associated documentation or information are expressly subject 
to the terms and conditions of the Altera Program License 
Subscription Agreement, Altera MegaCore Function License 
Agreement, or other applicable license agreement, including, 
without limitation, that your use is for the sole purpose of 
programming logic devices manufactured by Altera and sold by 
Altera or its authorized distributors.  Please refer to the 
applicable agreement for further details.



+--------------------------------------------------------------------------------+
; Flow Summary                                                                   ;
+------------------------------------+-------------------------------------------+
; Flow Status                        ; Successful - Mon Apr 01 16:32:54 2013     ;
; Quartus II Version                 ; 11.0 Build 157 04/27/2011 SJ Full Version ;
; Revision Name                      ; KeyBoard                                  ;
; Top-level Entity Name              ; KeyBoard                                  ;
; Family                             ; Cyclone III                               ;
; Device                             ; EP3C16Q240C8                              ;
; Timing Models                      ; Final                                     ;
; Total logic elements               ; 93 / 15,408 ( 1 % )                       ;
;     Total combinational functions  ; 85 / 15,408 ( 1 % )                       ;
;     Dedicated logic registers      ; 46 / 15,408 ( < 1 % )                     ;
; Total registers                    ; 46                                        ;
; Total pins                         ; 21 / 161 ( 13 % )                         ;
; Total virtual pins                 ; 0                                         ;
; Total memory bits                  ; 0 / 516,096 ( 0 % )                       ;
; Embedded Multiplier 9-bit elements ; 0 / 112 ( 0 % )                           ;
; Total PLLs                         ; 0 / 4 ( 0 % )                             ;
+------------------------------------+-------------------------------------------+


+-----------------------------------------+
; Flow Settings                           ;
+-------------------+---------------------+
; Option            ; Setting             ;
+-------------------+---------------------+
; Start date & time ; 04/01/2013 16:32:44 ;
; Main task         ; Compilation         ;
; Revision Name     ; KeyBoard            ;
+-------------------+---------------------+


+-----------------------------------------------------------------------------------------------------------------------------------------------------------------+
; Flow Non-Default Global Settings                                                                                                                                ;
+-------------------------------------+--------------------------------------------------------------------------------+---------------+-------------+------------+
; Assignment Name                     ; Value                                                                          ; Default Value ; Entity Name ; Section Id ;
+-------------------------------------+--------------------------------------------------------------------------------+---------------+-------------+------------+
; COMPILER_SIGNATURE_ID               ; 154522815254864.136480516405836                                                ; --            ; --          ; --         ;
; FMAX_REQUIREMENT                    ; 50 MHz                                                                         ; --            ; --          ; --         ;
; MAX_CORE_JUNCTION_TEMP              ; 85                                                                             ; --            ; --          ; --         ;
; MIN_CORE_JUNCTION_TEMP              ; 0                                                                              ; --            ; --          ; --         ;
; MISC_FILE                           ; C:/Documents and Settings/Administrator/×ÀÃæ/EP3C16_VHDL/KeyBoard/KeyBoard.dpf ; --            ; --          ; --         ;
; MISC_FILE                           ; F:/ICDev/EP3C25/EP3C25_Program/EP3C25_VHDL/KeyBoard/KeyBoard.dpf               ; --            ; --          ; --         ;
; MISC_FILE                           ; E:/Program_CD/CD/CD_FPGA/data/Program/EX-EP3C40/VHDL/KeyBoard/KeyBoard.dpf     ; --            ; --          ; --         ;
; MISC_FILE                           ; D:/Work/FPGA/Su/VHDL/KeyBoard/KeyBoard.dpf                                     ; --            ; --          ; --         ;
; MISC_FILE                           ; D:/xiaoguang/FPGA data/FPGA receive/FPGA/VHDL/KeyBoard/KeyBoard.dpf            ; --            ; --          ; --         ;
; MISC_FILE                           ; D:/xiaoguang/FPGA data/FPGA receive/after modifying/KeyBoard/KeyBoard.dpf      ; --            ; --          ; --         ;
; MISC_FILE                           ; D:/fpga_files/Vhdl/KeyBoard/KeyBoard.dpf                                       ; --            ; --          ; --         ;
; MISC_FILE                           ; D:/xiaoguang/FPGA data/EPM1270/program/VHDL/KeyBoard/KeyBoard.dpf              ; --            ; --          ; --         ;
; MISC_FILE                           ; D:/xiaoguang/FPGA data/EPM1270/program/VHDL/matrix_keyboard/KeyBoard.dpf       ; --            ; --          ; --         ;
; MISC_FILE                           ; D:/fpga_project/EP3C40/vhdl/matrix_keyboard/KeyBoard.dpf                       ; --            ; --          ; --         ;
; MISC_FILE                           ; E:/Program/EP2C8Q/vhdl/4x4 Keypad/KeyBoard.dpf                                 ; --            ; --          ; --         ;
; OUTPUT_IO_TIMING_FAR_END_VMEAS      ; Half Signal Swing                                                              ; --            ; --          ; --         ;
; OUTPUT_IO_TIMING_FAR_END_VMEAS      ; Half Signal Swing                                                              ; --            ; --          ; --         ;
; OUTPUT_IO_TIMING_NEAR_END_VMEAS     ; Half Vccio                                                                     ; --            ; --          ; --         ;
; OUTPUT_IO_TIMING_NEAR_END_VMEAS     ; Half Vccio                                                                     ; --            ; --          ; --         ;
; PARTITION_COLOR                     ; 16764057                                                                       ; --            ; --          ; Top        ;
; PARTITION_FITTER_PRESERVATION_LEVEL ; PLACEMENT_AND_ROUTING                                                          ; --            ; --          ; Top        ;
; PARTITION_NETLIST_TYPE              ; SOURCE                                                                         ; --            ; --          ; Top        ;
+-------------------------------------+--------------------------------------------------------------------------------+---------------+-------------+------------+


+-------------------------------------------------------------------------------------------------------------------------------+
; Flow Elapsed Time                                                                                                             ;
+---------------------------+--------------+-------------------------+---------------------+------------------------------------+
; Module Name               ; Elapsed Time ; Average Processors Used ; Peak Virtual Memory ; Total CPU Time (on all processors) ;
+---------------------------+--------------+-------------------------+---------------------+------------------------------------+
; Analysis & Synthesis      ; 00:00:02     ; 1.0                     ; 248 MB              ; 00:00:02                           ;
; Fitter                    ; 00:00:04     ; 1.0                     ; 313 MB              ; 00:00:05                           ;
; Assembler                 ; 00:00:01     ; 1.0                     ; 229 MB              ; 00:00:01                           ;
; TimeQuest Timing Analyzer ; 00:00:02     ; 1.0                     ; 229 MB              ; 00:00:02                           ;
; Total                     ; 00:00:09     ; --                      ; --                  ; 00:00:10                           ;
+---------------------------+--------------+-------------------------+---------------------+------------------------------------+


+-----------------------------------------------------------------------------------------+
; Flow OS Summary                                                                         ;
+---------------------------+------------------+------------+------------+----------------+
; Module Name               ; Machine Hostname ; OS Name    ; OS Version ; Processor type ;
+---------------------------+------------------+------------+------------+----------------+
; Analysis & Synthesis      ; DAZHOU           ; Windows XP ; 5.1        ; i686           ;
; Fitter                    ; DAZHOU           ; Windows XP ; 5.1        ; i686           ;
; Assembler                 ; DAZHOU           ; Windows XP ; 5.1        ; i686           ;
; TimeQuest Timing Analyzer ; DAZHOU           ; Windows XP ; 5.1        ; i686           ;
+---------------------------+------------------+------------+------------+----------------+


------------
; Flow Log ;
------------
quartus_map --read_settings_files=on --write_settings_files=off KeyBoard -c KeyBoard
quartus_fit --read_settings_files=off --write_settings_files=off KeyBoard -c KeyBoard
quartus_asm --read_settings_files=off --write_settings_files=off KeyBoard -c KeyBoard
quartus_sta KeyBoard -c KeyBoard



